<?xml version="1.0" encoding="UTF-8"?>
<testsuite xmlns:xsi="http://www.w3.org/2001/XMLSchema-instance" xsi:noNamespaceSchemaLocation="https://maven.apache.org/surefire/maven-surefire-plugin/xsd/surefire-test-report-3.0.xsd" version="3.0" name="com.example.contacttodomail.ContactTodoMailApplicationTests" time="1.904" tests="1" errors="0" skipped="0" failures="0">
  <properties>
    <property name="java.specification.version" value="20"/>
    <property name="sun.jnu.encoding" value="UTF-8"/>
    <property name="java.class.path" value="/Users/claudiogonzalezhernandez/Desktop/REACT JS LEARNING PLAN/contacts-todo-server/target/test-classes:/Users/claudiogonzalezhernandez/Desktop/REACT JS LEARNING PLAN/contacts-todo-server/target/classes:/Users/claudiogonzalezhernandez/.m2/repository/org/springframework/boot/spring-boot-starter-data-mongodb/3.2.2/spring-boot-starter-data-mongodb-3.2.2.jar:/Users/claudiogonzalezhernandez/.m2/repository/org/springframework/boot/spring-boot-starter/3.2.2/spring-boot-starter-3.2.2.jar:/Users/claudiogonzalezhernandez/.m2/repository/org/springframework/boot/spring-boot-starter-logging/3.2.2/spring-boot-starter-logging-3.2.2.jar:/Users/claudiogonzalezhernandez/.m2/repository/ch/qos/logback/logback-classic/1.4.14/logback-classic-1.4.14.jar:/Users/claudiogonzalezhernandez/.m2/repository/ch/qos/logback/logback-core/1.4.14/logback-core-1.4.14.jar:/Users/claudiogonzalezhernandez/.m2/repository/org/apache/logging/log4j/log4j-to-slf4j/2.21.1/log4j-to-slf4j-2.21.1.jar:/Users/claudiogonzalezhernandez/.m2/repository/org/apache/logging/log4j/log4j-api/2.21.1/log4j-api-2.21.1.jar:/Users/claudiogonzalezhernandez/.m2/repository/org/slf4j/jul-to-slf4j/2.0.11/jul-to-slf4j-2.0.11.jar:/Users/claudiogonzalezhernandez/.m2/repository/jakarta/annotation/jakarta.annotation-api/2.1.1/jakarta.annotation-api-2.1.1.jar:/Users/claudiogonzalezhernandez/.m2/repository/org/yaml/snakeyaml/2.2/snakeyaml-2.2.jar:/Users/claudiogonzalezhernandez/.m2/repository/org/mongodb/mongodb-driver-sync/4.11.1/mongodb-driver-sync-4.11.1.jar:/Users/claudiogonzalezhernandez/.m2/repository/org/mongodb/bson/4.11.1/bson-4.11.1.jar:/Users/claudiogonzalezhernandez/.m2/repository/org/mongodb/mongodb-driver-core/4.11.1/mongodb-driver-core-4.11.1.jar:/Users/claudiogonzalezhernandez/.m2/repository/org/mongodb/bson-record-codec/4.11.1/bson-record-codec-4.11.1.jar:/Users/claudiogonzalezhernandez/.m2/repository/org/springframework/data/spring-data-mongodb/4.2.2/spring-data-mongodb-4.2.2.jar:/Users/claudiogonzalezhernandez/.m2/repository/org/springframework/spring-tx/6.1.3/spring-tx-6.1.3.jar:/Users/claudiogonzalezhernandez/.m2/repository/org/springframework/spring-context/6.1.3/spring-context-6.1.3.jar:/Users/claudiogonzalezhernandez/.m2/repository/org/springframework/spring-expression/6.1.3/spring-expression-6.1.3.jar:/Users/claudiogonzalezhernandez/.m2/repository/org/springframework/data/spring-data-commons/3.2.2/spring-data-commons-3.2.2.jar:/Users/claudiogonzalezhernandez/.m2/repository/org/slf4j/slf4j-api/2.0.11/slf4j-api-2.0.11.jar:/Users/claudiogonzalezhernandez/.m2/repository/org/springframework/boot/spring-boot-starter-web/3.2.2/spring-boot-starter-web-3.2.2.jar:/Users/claudiogonzalezhernandez/.m2/repository/org/springframework/boot/spring-boot-starter-json/3.2.2/spring-boot-starter-json-3.2.2.jar:/Users/claudiogonzalezhernandez/.m2/repository/com/fasterxml/jackson/core/jackson-databind/2.15.3/jackson-databind-2.15.3.jar:/Users/claudiogonzalezhernandez/.m2/repository/com/fasterxml/jackson/core/jackson-annotations/2.15.3/jackson-annotations-2.15.3.jar:/Users/claudiogonzalezhernandez/.m2/repository/com/fasterxml/jackson/core/jackson-core/2.15.3/jackson-core-2.15.3.jar:/Users/claudiogonzalezhernandez/.m2/repository/com/fasterxml/jackson/datatype/jackson-datatype-jdk8/2.15.3/jackson-datatype-jdk8-2.15.3.jar:/Users/claudiogonzalezhernandez/.m2/repository/com/fasterxml/jackson/datatype/jackson-datatype-jsr310/2.15.3/jackson-datatype-jsr310-2.15.3.jar:/Users/claudiogonzalezhernandez/.m2/repository/com/fasterxml/jackson/module/jackson-module-parameter-names/2.15.3/jackson-module-parameter-names-2.15.3.jar:/Users/claudiogonzalezhernandez/.m2/repository/org/springframework/boot/spring-boot-starter-tomcat/3.2.2/spring-boot-starter-tomcat-3.2.2.jar:/Users/claudiogonzalezhernandez/.m2/repository/org/apache/tomcat/embed/tomcat-embed-core/10.1.18/tomcat-embed-core-10.1.18.jar:/Users/claudiogonzalezhernandez/.m2/repository/org/apache/tomcat/embed/tomcat-embed-el/10.1.18/tomcat-embed-el-10.1.18.jar:/Users/claudiogonzalezhernandez/.m2/repository/org/apache/tomcat/embed/tomcat-embed-websocket/10.1.18/tomcat-embed-websocket-10.1.18.jar:/Users/claudiogonzalezhernandez/.m2/repository/org/springframework/spring-webmvc/6.1.3/spring-webmvc-6.1.3.jar:/Users/claudiogonzalezhernandez/.m2/repository/org/springframework/spring-aop/6.1.3/spring-aop-6.1.3.jar:/Users/claudiogonzalezhernandez/.m2/repository/org/springframework/boot/spring-boot-devtools/3.2.2/spring-boot-devtools-3.2.2.jar:/Users/claudiogonzalezhernandez/.m2/repository/org/springframework/boot/spring-boot/3.2.2/spring-boot-3.2.2.jar:/Users/claudiogonzalezhernandez/.m2/repository/org/springframework/boot/spring-boot-autoconfigure/3.2.2/spring-boot-autoconfigure-3.2.2.jar:/Users/claudiogonzalezhernandez/.m2/repository/org/projectlombok/lombok/1.18.30/lombok-1.18.30.jar:/Users/claudiogonzalezhernandez/.m2/repository/org/springframework/boot/spring-boot-starter-test/3.2.2/spring-boot-starter-test-3.2.2.jar:/Users/claudiogonzalezhernandez/.m2/repository/org/springframework/boot/spring-boot-test/3.2.2/spring-boot-test-3.2.2.jar:/Users/claudiogonzalezhernandez/.m2/repository/org/springframework/boot/spring-boot-test-autoconfigure/3.2.2/spring-boot-test-autoconfigure-3.2.2.jar:/Users/claudiogonzalezhernandez/.m2/repository/com/jayway/jsonpath/json-path/2.8.0/json-path-2.8.0.jar:/Users/claudiogonzalezhernandez/.m2/repository/jakarta/xml/bind/jakarta.xml.bind-api/4.0.1/jakarta.xml.bind-api-4.0.1.jar:/Users/claudiogonzalezhernandez/.m2/repository/jakarta/activation/jakarta.activation-api/2.1.2/jakarta.activation-api-2.1.2.jar:/Users/claudiogonzalezhernandez/.m2/repository/net/minidev/json-smart/2.5.0/json-smart-2.5.0.jar:/Users/claudiogonzalezhernandez/.m2/repository/net/minidev/accessors-smart/2.5.0/accessors-smart-2.5.0.jar:/Users/claudiogonzalezhernandez/.m2/repository/org/ow2/asm/asm/9.3/asm-9.3.jar:/Users/claudiogonzalezhernandez/.m2/repository/org/assertj/assertj-core/3.24.2/assertj-core-3.24.2.jar:/Users/claudiogonzalezhernandez/.m2/repository/net/bytebuddy/byte-buddy/1.14.11/byte-buddy-1.14.11.jar:/Users/claudiogonzalezhernandez/.m2/repository/org/awaitility/awaitility/4.2.0/awaitility-4.2.0.jar:/Users/claudiogonzalezhernandez/.m2/repository/org/hamcrest/hamcrest/2.2/hamcrest-2.2.jar:/Users/claudiogonzalezhernandez/.m2/repository/org/junit/jupiter/junit-jupiter/5.10.1/junit-jupiter-5.10.1.jar:/Users/claudiogonzalezhernandez/.m2/repository/org/junit/jupiter/junit-jupiter-api/5.10.1/junit-jupiter-api-5.10.1.jar:/Users/claudiogonzalezhernandez/.m2/repository/org/opentest4j/opentest4j/1.3.0/opentest4j-1.3.0.jar:/Users/claudiogonzalezhernandez/.m2/repository/org/junit/platform/junit-platform-commons/1.10.1/junit-platform-commons-1.10.1.jar:/Users/claudiogonzalezhernandez/.m2/repository/org/apiguardian/apiguardian-api/1.1.2/apiguardian-api-1.1.2.jar:/Users/claudiogonzalezhernandez/.m2/repository/org/junit/jupiter/junit-jupiter-params/5.10.1/junit-jupiter-params-5.10.1.jar:/Users/claudiogonzalezhernandez/.m2/repository/org/junit/jupiter/junit-jupiter-engine/5.10.1/junit-jupiter-engine-5.10.1.jar:/Users/claudiogonzalezhernandez/.m2/repository/org/junit/platform/junit-platform-engine/1.10.1/junit-platform-engine-1.10.1.jar:/Users/claudiogonzalezhernandez/.m2/repository/org/mockito/mockito-core/5.7.0/mockito-core-5.7.0.jar:/Users/claudiogonzalezhernandez/.m2/repository/net/bytebuddy/byte-buddy-agent/1.14.11/byte-buddy-agent-1.14.11.jar:/Users/claudiogonzalezhernandez/.m2/repository/org/objenesis/objenesis/3.3/objenesis-3.3.jar:/Users/claudiogonzalezhernandez/.m2/repository/org/mockito/mockito-junit-jupiter/5.7.0/mockito-junit-jupiter-5.7.0.jar:/Users/claudiogonzalezhernandez/.m2/repository/org/skyscreamer/jsonassert/1.5.1/jsonassert-1.5.1.jar:/Users/claudiogonzalezhernandez/.m2/repository/com/vaadin/external/google/android-json/0.0.20131108.vaadin1/android-json-0.0.20131108.vaadin1.jar:/Users/claudiogonzalezhernandez/.m2/repository/org/springframework/spring-core/6.1.3/spring-core-6.1.3.jar:/Users/claudiogonzalezhernandez/.m2/repository/org/springframework/spring-jcl/6.1.3/spring-jcl-6.1.3.jar:/Users/claudiogonzalezhernandez/.m2/repository/org/springframework/spring-test/6.1.3/spring-test-6.1.3.jar:/Users/claudiogonzalezhernandez/.m2/repository/org/xmlunit/xmlunit-core/2.9.1/xmlunit-core-2.9.1.jar:/Users/claudiogonzalezhernandez/.m2/repository/org/springdoc/springdoc-openapi-starter-webmvc-ui/2.2.0/springdoc-openapi-starter-webmvc-ui-2.2.0.jar:/Users/claudiogonzalezhernandez/.m2/repository/org/springdoc/springdoc-openapi-starter-webmvc-api/2.2.0/springdoc-openapi-starter-webmvc-api-2.2.0.jar:/Users/claudiogonzalezhernandez/.m2/repository/org/springdoc/springdoc-openapi-starter-common/2.2.0/springdoc-openapi-starter-common-2.2.0.jar:/Users/claudiogonzalezhernandez/.m2/repository/io/swagger/core/v3/swagger-core-jakarta/2.2.15/swagger-core-jakarta-2.2.15.jar:/Users/claudiogonzalezhernandez/.m2/repository/org/apache/commons/commons-lang3/3.13.0/commons-lang3-3.13.0.jar:/Users/claudiogonzalezhernandez/.m2/repository/io/swagger/core/v3/swagger-annotations-jakarta/2.2.15/swagger-annotations-jakarta-2.2.15.jar:/Users/claudiogonzalezhernandez/.m2/repository/io/swagger/core/v3/swagger-models-jakarta/2.2.15/swagger-models-jakarta-2.2.15.jar:/Users/claudiogonzalezhernandez/.m2/repository/jakarta/validation/jakarta.validation-api/3.0.2/jakarta.validation-api-3.0.2.jar:/Users/claudiogonzalezhernandez/.m2/repository/com/fasterxml/jackson/dataformat/jackson-dataformat-yaml/2.15.3/jackson-dataformat-yaml-2.15.3.jar:/Users/claudiogonzalezhernandez/.m2/repository/org/webjars/swagger-ui/5.2.0/swagger-ui-5.2.0.jar:/Users/claudiogonzalezhernandez/.m2/repository/org/springframework/spring-web/6.1.3/spring-web-6.1.3.jar:/Users/claudiogonzalezhernandez/.m2/repository/org/springframework/spring-beans/6.1.3/spring-beans-6.1.3.jar:/Users/claudiogonzalezhernandez/.m2/repository/io/micrometer/micrometer-observation/1.12.2/micrometer-observation-1.12.2.jar:/Users/claudiogonzalezhernandez/.m2/repository/io/micrometer/micrometer-commons/1.12.2/micrometer-commons-1.12.2.jar:"/>
    <property name="java.vm.vendor" value="Oracle Corporation"/>
    <property name="sun.arch.data.model" value="64"/>
    <property name="java.vendor.url" value="https://java.oracle.com/"/>
    <property name="user.timezone" value="America/Costa_Rica"/>
    <property name="os.name" value="Mac OS X"/>
    <property name="java.vm.specification.version" value="20"/>
    <property name="sun.java.launcher" value="SUN_STANDARD"/>
    <property name="user.country" value="CR"/>
    <property name="sun.boot.library.path" value="/Library/Java/JavaVirtualMachines/jdk-20.jdk/Contents/Home/lib"/>
    <property name="sun.java.command" value="/Users/claudiogonzalezhernandez/Desktop/REACT JS LEARNING PLAN/contacts-todo-server/target/surefire/surefirebooter-20240215130628051_3.jar /Users/claudiogonzalezhernandez/Desktop/REACT JS LEARNING PLAN/contacts-todo-server/target/surefire 2024-02-15T13-06-28_009-jvmRun1 surefire-20240215130628051_1tmp surefire_0-20240215130628051_2tmp"/>
    <property name="jdk.debug" value="release"/>
    <property name="surefire.test.class.path" value="/Users/claudiogonzalezhernandez/Desktop/REACT JS LEARNING PLAN/contacts-todo-server/target/test-classes:/Users/claudiogonzalezhernandez/Desktop/REACT JS LEARNING PLAN/contacts-todo-server/target/classes:/Users/claudiogonzalezhernandez/.m2/repository/org/springframework/boot/spring-boot-starter-data-mongodb/3.2.2/spring-boot-starter-data-mongodb-3.2.2.jar:/Users/claudiogonzalezhernandez/.m2/repository/org/springframework/boot/spring-boot-starter/3.2.2/spring-boot-starter-3.2.2.jar:/Users/claudiogonzalezhernandez/.m2/repository/org/springframework/boot/spring-boot-starter-logging/3.2.2/spring-boot-starter-logging-3.2.2.jar:/Users/claudiogonzalezhernandez/.m2/repository/ch/qos/logback/logback-classic/1.4.14/logback-classic-1.4.14.jar:/Users/claudiogonzalezhernandez/.m2/repository/ch/qos/logback/logback-core/1.4.14/logback-core-1.4.14.jar:/Users/claudiogonzalezhernandez/.m2/repository/org/apache/logging/log4j/log4j-to-slf4j/2.21.1/log4j-to-slf4j-2.21.1.jar:/Users/claudiogonzalezhernandez/.m2/repository/org/apache/logging/log4j/log4j-api/2.21.1/log4j-api-2.21.1.jar:/Users/claudiogonzalezhernandez/.m2/repository/org/slf4j/jul-to-slf4j/2.0.11/jul-to-slf4j-2.0.11.jar:/Users/claudiogonzalezhernandez/.m2/repository/jakarta/annotation/jakarta.annotation-api/2.1.1/jakarta.annotation-api-2.1.1.jar:/Users/claudiogonzalezhernandez/.m2/repository/org/yaml/snakeyaml/2.2/snakeyaml-2.2.jar:/Users/claudiogonzalezhernandez/.m2/repository/org/mongodb/mongodb-driver-sync/4.11.1/mongodb-driver-sync-4.11.1.jar:/Users/claudiogonzalezhernandez/.m2/repository/org/mongodb/bson/4.11.1/bson-4.11.1.jar:/Users/claudiogonzalezhernandez/.m2/repository/org/mongodb/mongodb-driver-core/4.11.1/mongodb-driver-core-4.11.1.jar:/Users/claudiogonzalezhernandez/.m2/repository/org/mongodb/bson-record-codec/4.11.1/bson-record-codec-4.11.1.jar:/Users/claudiogonzalezhernandez/.m2/repository/org/springframework/data/spring-data-mongodb/4.2.2/spring-data-mongodb-4.2.2.jar:/Users/claudiogonzalezhernandez/.m2/repository/org/springframework/spring-tx/6.1.3/spring-tx-6.1.3.jar:/Users/claudiogonzalezhernandez/.m2/repository/org/springframework/spring-context/6.1.3/spring-context-6.1.3.jar:/Users/claudiogonzalezhernandez/.m2/repository/org/springframework/spring-expression/6.1.3/spring-expression-6.1.3.jar:/Users/claudiogonzalezhernandez/.m2/repository/org/springframework/data/spring-data-commons/3.2.2/spring-data-commons-3.2.2.jar:/Users/claudiogonzalezhernandez/.m2/repository/org/slf4j/slf4j-api/2.0.11/slf4j-api-2.0.11.jar:/Users/claudiogonzalezhernandez/.m2/repository/org/springframework/boot/spring-boot-starter-web/3.2.2/spring-boot-starter-web-3.2.2.jar:/Users/claudiogonzalezhernandez/.m2/repository/org/springframework/boot/spring-boot-starter-json/3.2.2/spring-boot-starter-json-3.2.2.jar:/Users/claudiogonzalezhernandez/.m2/repository/com/fasterxml/jackson/core/jackson-databind/2.15.3/jackson-databind-2.15.3.jar:/Users/claudiogonzalezhernandez/.m2/repository/com/fasterxml/jackson/core/jackson-annotations/2.15.3/jackson-annotations-2.15.3.jar:/Users/claudiogonzalezhernandez/.m2/repository/com/fasterxml/jackson/core/jackson-core/2.15.3/jackson-core-2.15.3.jar:/Users/claudiogonzalezhernandez/.m2/repository/com/fasterxml/jackson/datatype/jackson-datatype-jdk8/2.15.3/jackson-datatype-jdk8-2.15.3.jar:/Users/claudiogonzalezhernandez/.m2/repository/com/fasterxml/jackson/datatype/jackson-datatype-jsr310/2.15.3/jackson-datatype-jsr310-2.15.3.jar:/Users/claudiogonzalezhernandez/.m2/repository/com/fasterxml/jackson/module/jackson-module-parameter-names/2.15.3/jackson-module-parameter-names-2.15.3.jar:/Users/claudiogonzalezhernandez/.m2/repository/org/springframework/boot/spring-boot-starter-tomcat/3.2.2/spring-boot-starter-tomcat-3.2.2.jar:/Users/claudiogonzalezhernandez/.m2/repository/org/apache/tomcat/embed/tomcat-embed-core/10.1.18/tomcat-embed-core-10.1.18.jar:/Users/claudiogonzalezhernandez/.m2/repository/org/apache/tomcat/embed/tomcat-embed-el/10.1.18/tomcat-embed-el-10.1.18.jar:/Users/claudiogonzalezhernandez/.m2/repository/org/apache/tomcat/embed/tomcat-embed-websocket/10.1.18/tomcat-embed-websocket-10.1.18.jar:/Users/claudiogonzalezhernandez/.m2/repository/org/springframework/spring-webmvc/6.1.3/spring-webmvc-6.1.3.jar:/Users/claudiogonzalezhernandez/.m2/repository/org/springframework/spring-aop/6.1.3/spring-aop-6.1.3.jar:/Users/claudiogonzalezhernandez/.m2/repository/org/springframework/boot/spring-boot-devtools/3.2.2/spring-boot-devtools-3.2.2.jar:/Users/claudiogonzalezhernandez/.m2/repository/org/springframework/boot/spring-boot/3.2.2/spring-boot-3.2.2.jar:/Users/claudiogonzalezhernandez/.m2/repository/org/springframework/boot/spring-boot-autoconfigure/3.2.2/spring-boot-autoconfigure-3.2.2.jar:/Users/claudiogonzalezhernandez/.m2/repository/org/projectlombok/lombok/1.18.30/lombok-1.18.30.jar:/Users/claudiogonzalezhernandez/.m2/repository/org/springframework/boot/spring-boot-starter-test/3.2.2/spring-boot-starter-test-3.2.2.jar:/Users/claudiogonzalezhernandez/.m2/repository/org/springframework/boot/spring-boot-test/3.2.2/spring-boot-test-3.2.2.jar:/Users/claudiogonzalezhernandez/.m2/repository/org/springframework/boot/spring-boot-test-autoconfigure/3.2.2/spring-boot-test-autoconfigure-3.2.2.jar:/Users/claudiogonzalezhernandez/.m2/repository/com/jayway/jsonpath/json-path/2.8.0/json-path-2.8.0.jar:/Users/claudiogonzalezhernandez/.m2/repository/jakarta/xml/bind/jakarta.xml.bind-api/4.0.1/jakarta.xml.bind-api-4.0.1.jar:/Users/claudiogonzalezhernandez/.m2/repository/jakarta/activation/jakarta.activation-api/2.1.2/jakarta.activation-api-2.1.2.jar:/Users/claudiogonzalezhernandez/.m2/repository/net/minidev/json-smart/2.5.0/json-smart-2.5.0.jar:/Users/claudiogonzalezhernandez/.m2/repository/net/minidev/accessors-smart/2.5.0/accessors-smart-2.5.0.jar:/Users/claudiogonzalezhernandez/.m2/repository/org/ow2/asm/asm/9.3/asm-9.3.jar:/Users/claudiogonzalezhernandez/.m2/repository/org/assertj/assertj-core/3.24.2/assertj-core-3.24.2.jar:/Users/claudiogonzalezhernandez/.m2/repository/net/bytebuddy/byte-buddy/1.14.11/byte-buddy-1.14.11.jar:/Users/claudiogonzalezhernandez/.m2/repository/org/awaitility/awaitility/4.2.0/awaitility-4.2.0.jar:/Users/claudiogonzalezhernandez/.m2/repository/org/hamcrest/hamcrest/2.2/hamcrest-2.2.jar:/Users/claudiogonzalezhernandez/.m2/repository/org/junit/jupiter/junit-jupiter/5.10.1/junit-jupiter-5.10.1.jar:/Users/claudiogonzalezhernandez/.m2/repository/org/junit/jupiter/junit-jupiter-api/5.10.1/junit-jupiter-api-5.10.1.jar:/Users/claudiogonzalezhernandez/.m2/repository/org/opentest4j/opentest4j/1.3.0/opentest4j-1.3.0.jar:/Users/claudiogonzalezhernandez/.m2/repository/org/junit/platform/junit-platform-commons/1.10.1/junit-platform-commons-1.10.1.jar:/Users/claudiogonzalezhernandez/.m2/repository/org/apiguardian/apiguardian-api/1.1.2/apiguardian-api-1.1.2.jar:/Users/claudiogonzalezhernandez/.m2/repository/org/junit/jupiter/junit-jupiter-params/5.10.1/junit-jupiter-params-5.10.1.jar:/Users/claudiogonzalezhernandez/.m2/repository/org/junit/jupiter/junit-jupiter-engine/5.10.1/junit-jupiter-engine-5.10.1.jar:/Users/claudiogonzalezhernandez/.m2/repository/org/junit/platform/junit-platform-engine/1.10.1/junit-platform-engine-1.10.1.jar:/Users/claudiogonzalezhernandez/.m2/repository/org/mockito/mockito-core/5.7.0/mockito-core-5.7.0.jar:/Users/claudiogonzalezhernandez/.m2/repository/net/bytebuddy/byte-buddy-agent/1.14.11/byte-buddy-agent-1.14.11.jar:/Users/claudiogonzalezhernandez/.m2/repository/org/objenesis/objenesis/3.3/objenesis-3.3.jar:/Users/claudiogonzalezhernandez/.m2/repository/org/mockito/mockito-junit-jupiter/5.7.0/mockito-junit-jupiter-5.7.0.jar:/Users/claudiogonzalezhernandez/.m2/repository/org/skyscreamer/jsonassert/1.5.1/jsonassert-1.5.1.jar:/Users/claudiogonzalezhernandez/.m2/repository/com/vaadin/external/google/android-json/0.0.20131108.vaadin1/android-json-0.0.20131108.vaadin1.jar:/Users/claudiogonzalezhernandez/.m2/repository/org/springframework/spring-core/6.1.3/spring-core-6.1.3.jar:/Users/claudiogonzalezhernandez/.m2/repository/org/springframework/spring-jcl/6.1.3/spring-jcl-6.1.3.jar:/Users/claudiogonzalezhernandez/.m2/repository/org/springframework/spring-test/6.1.3/spring-test-6.1.3.jar:/Users/claudiogonzalezhernandez/.m2/repository/org/xmlunit/xmlunit-core/2.9.1/xmlunit-core-2.9.1.jar:/Users/claudiogonzalezhernandez/.m2/repository/org/springdoc/springdoc-openapi-starter-webmvc-ui/2.2.0/springdoc-openapi-starter-webmvc-ui-2.2.0.jar:/Users/claudiogonzalezhernandez/.m2/repository/org/springdoc/springdoc-openapi-starter-webmvc-api/2.2.0/springdoc-openapi-starter-webmvc-api-2.2.0.jar:/Users/claudiogonzalezhernandez/.m2/repository/org/springdoc/springdoc-openapi-starter-common/2.2.0/springdoc-openapi-starter-common-2.2.0.jar:/Users/claudiogonzalezhernandez/.m2/repository/io/swagger/core/v3/swagger-core-jakarta/2.2.15/swagger-core-jakarta-2.2.15.jar:/Users/claudiogonzalezhernandez/.m2/repository/org/apache/commons/commons-lang3/3.13.0/commons-lang3-3.13.0.jar:/Users/claudiogonzalezhernandez/.m2/repository/io/swagger/core/v3/swagger-annotations-jakarta/2.2.15/swagger-annotations-jakarta-2.2.15.jar:/Users/claudiogonzalezhernandez/.m2/repository/io/swagger/core/v3/swagger-models-jakarta/2.2.15/swagger-models-jakarta-2.2.15.jar:/Users/claudiogonzalezhernandez/.m2/repository/jakarta/validation/jakarta.validation-api/3.0.2/jakarta.validation-api-3.0.2.jar:/Users/claudiogonzalezhernandez/.m2/repository/com/fasterxml/jackson/dataformat/jackson-dataformat-yaml/2.15.3/jackson-dataformat-yaml-2.15.3.jar:/Users/claudiogonzalezhernandez/.m2/repository/org/webjars/swagger-ui/5.2.0/swagger-ui-5.2.0.jar:/Users/claudiogonzalezhernandez/.m2/repository/org/springframework/spring-web/6.1.3/spring-web-6.1.3.jar:/Users/claudiogonzalezhernandez/.m2/repository/org/springframework/spring-beans/6.1.3/spring-beans-6.1.3.jar:/Users/claudiogonzalezhernandez/.m2/repository/io/micrometer/micrometer-observation/1.12.2/micrometer-observation-1.12.2.jar:/Users/claudiogonzalezhernandez/.m2/repository/io/micrometer/micrometer-commons/1.12.2/micrometer-commons-1.12.2.jar:"/>
    <property name="sun.cpu.endian" value="little"/>
    <property name="user.home" value="/Users/claudiogonzalezhernandez"/>
    <property name="user.language" value="en"/>
    <property name="java.specification.vendor" value="Oracle Corporation"/>
    <property name="java.version.date" value="2023-04-18"/>
    <property name="java.home" value="/Library/Java/JavaVirtualMachines/jdk-20.jdk/Contents/Home"/>
    <property name="file.separator" value="/"/>
    <property name="basedir" value="/Users/claudiogonzalezhernandez/Desktop/REACT JS LEARNING PLAN/contacts-todo-server"/>
    <property name="java.vm.compressedOopsMode" value="Zero based"/>
    <property name="line.separator" value="&#10;"/>
    <property name="java.vm.specification.vendor" value="Oracle Corporation"/>
    <property name="java.specification.name" value="Java Platform API Specification"/>
    <property name="FILE_LOG_CHARSET" value="UTF-8"/>
    <property name="java.awt.headless" value="true"/>
    <property name="apple.awt.application.name" value="ForkedBooter"/>
    <property name="surefire.real.class.path" value="/Users/claudiogonzalezhernandez/Desktop/REACT JS LEARNING PLAN/contacts-todo-server/target/surefire/surefirebooter-20240215130628051_3.jar"/>
    <property name="sun.management.compiler" value="HotSpot 64-Bit Tiered Compilers"/>
    <property name="java.runtime.version" value="20.0.1+9-29"/>
    <property name="user.name" value="claudiogonzalezhernandez"/>
    <property name="stdout.encoding" value="UTF-8"/>
    <property name="path.separator" value=":"/>
    <property name="os.version" value="14.2.1"/>
    <property name="java.runtime.name" value="Java(TM) SE Runtime Environment"/>
    <property name="file.encoding" value="UTF-8"/>
    <property name="java.vm.name" value="Java HotSpot(TM) 64-Bit Server VM"/>
    <property name="localRepository" value="/Users/claudiogonzalezhernandez/.m2/repository"/>
    <property name="java.vendor.url.bug" value="https://bugreport.java.com/bugreport/"/>
    <property name="java.io.tmpdir" value="/var/folders/2n/n2gg6srj1nv1n_x8v9c2_t540000gn/T/"/>
    <property name="idea.version" value="2023.1.3"/>
    <property name="java.version" value="20.0.1"/>
    <property name="user.dir" value="/Users/claudiogonzalezhernandez/Desktop/REACT JS LEARNING PLAN/contacts-todo-server"/>
    <property name="os.arch" value="aarch64"/>
    <property name="java.vm.specification.name" value="Java Virtual Machine Specification"/>
    <property name="PID" value="25071"/>
    <property name="CONSOLE_LOG_CHARSET" value="UTF-8"/>
    <property name="native.encoding" value="UTF-8"/>
    <property name="java.library.path" value="/Users/claudiogonzalezhernandez/Library/Java/Extensions:/Library/Java/Extensions:/Network/Library/Java/Extensions:/System/Library/Java/Extensions:/usr/lib/java:."/>
    <property name="java.vm.info" value="mixed mode, sharing"/>
    <property name="stderr.encoding" value="UTF-8"/>
    <property name="java.vendor" value="Oracle Corporation"/>
    <property name="java.vm.version" value="20.0.1+9-29"/>
    <property name="sun.io.unicode.encoding" value="UnicodeBig"/>
    <property name="java.class.version" value="64.0"/>
  </properties>
  <testcase name="contextLoads" classname="com.example.contacttodomail.ContactTodoMailApplicationTests" time="0.491">
    <system-out><![CDATA[13:06:28.503 [main] INFO org.springframework.test.context.support.AnnotationConfigContextLoaderUtils -- Could not detect default configuration classes for test class [com.example.contacttodomail.ContactTodoMailApplicationTests]: ContactTodoMailApplicationTests does not declare any static, non-private, non-final, nested classes annotated with @Configuration.
13:06:28.553 [main] INFO org.springframework.boot.test.context.SpringBootTestContextBootstrapper -- Found @SpringBootConfiguration com.example.contacttodomail.ContactTodoMailApplication for test class com.example.contacttodomail.ContactTodoMailApplicationTests
13:06:28.619 [main] INFO org.springframework.boot.devtools.restart.RestartApplicationListener -- Restart disabled due to context in which it is running

  .   ____          _            __ _ _
 /\\ / ___'_ __ _ _(_)_ __  __ _ \ \ \ \
( ( )\___ | '_ | '_| | '_ \/ _` | \ \ \ \
 \\/  ___)| |_)| | | | | || (_| |  ) ) ) )
  '  |____| .__|_| |_|_| |_\__, | / / / /
 =========|_|==============|___/=/_/_/_/
 :: Spring Boot ::                (v3.2.2)

2024-02-15T13:06:28.729-06:00  INFO 25071 --- [           main] c.e.c.ContactTodoMailApplicationTests    : Starting ContactTodoMailApplicationTests using Java 20.0.1 with PID 25071 (started by claudiogonzalezhernandez in /Users/claudiogonzalezhernandez/Desktop/REACT JS LEARNING PLAN/contacts-todo-server)
2024-02-15T13:06:28.730-06:00  INFO 25071 --- [           main] c.e.c.ContactTodoMailApplicationTests    : No active profile set, falling back to 1 default profile: "default"
2024-02-15T13:06:28.933-06:00  INFO 25071 --- [           main] .s.d.r.c.RepositoryConfigurationDelegate : Bootstrapping Spring Data MongoDB repositories in DEFAULT mode.
2024-02-15T13:06:28.954-06:00  INFO 25071 --- [           main] .s.d.r.c.RepositoryConfigurationDelegate : Finished Spring Data repository scanning in 18 ms. Found 2 MongoDB repository interfaces.
2024-02-15T13:06:29.367-06:00  INFO 25071 --- [           main] org.mongodb.driver.client                : MongoClient with metadata {"driver": {"name": "mongo-java-driver|sync|spring-boot", "version": "4.11.1"}, "os": {"type": "Darwin", "name": "Mac OS X", "architecture": "aarch64", "version": "14.2.1"}, "platform": "Java/Oracle Corporation/20.0.1+9-29"} created with settings MongoClientSettings{readPreference=primary, writeConcern=WriteConcern{w=majority, wTimeout=null ms, journal=null}, retryWrites=true, retryReads=true, readConcern=ReadConcern{level=null}, credential=MongoCredential{mechanism=null, userName='crdevelopers506', source='admin', password=<hidden>, mechanismProperties=<hidden>}, transportSettings=null, streamFactoryFactory=null, commandListeners=[], codecRegistry=ProvidersCodecRegistry{codecProviders=[ValueCodecProvider{}, BsonValueCodecProvider{}, DBRefCodecProvider{}, DBObjectCodecProvider{}, DocumentCodecProvider{}, CollectionCodecProvider{}, IterableCodecProvider{}, MapCodecProvider{}, GeoJsonCodecProvider{}, GridFSFileCodecProvider{}, Jsr310CodecProvider{}, JsonObjectCodecProvider{}, BsonCodecProvider{}, EnumCodecProvider{}, com.mongodb.client.model.mql.ExpressionCodecProvider@4337afd, com.mongodb.Jep395RecordCodecProvider@1d02af26, com.mongodb.KotlinCodecProvider@3fa7df1]}, loggerSettings=LoggerSettings{maxDocumentLength=1000}, clusterSettings={hosts=[127.0.0.1:27017], srvHost=react-js-database-demo.ky7lhez.mongodb.net, srvServiceName=mongodb, mode=MULTIPLE, requiredClusterType=REPLICA_SET, requiredReplicaSetName='atlas-872p0a-shard-0', serverSelector='null', clusterListeners='[]', serverSelectionTimeout='30000 ms', localThreshold='15 ms'}, socketSettings=SocketSettings{connectTimeoutMS=10000, readTimeoutMS=0, receiveBufferSize=0, proxySettings=ProxySettings{host=null, port=null, username=null, password=null}}, heartbeatSocketSettings=SocketSettings{connectTimeoutMS=10000, readTimeoutMS=10000, receiveBufferSize=0, proxySettings=ProxySettings{host=null, port=null, username=null, password=null}}, connectionPoolSettings=ConnectionPoolSettings{maxSize=100, minSize=0, maxWaitTimeMS=120000, maxConnectionLifeTimeMS=0, maxConnectionIdleTimeMS=0, maintenanceInitialDelayMS=0, maintenanceFrequencyMS=60000, connectionPoolListeners=[], maxConnecting=2}, serverSettings=ServerSettings{heartbeatFrequencyMS=10000, minHeartbeatFrequencyMS=500, serverListeners='[]', serverMonitorListeners='[]'}, sslSettings=SslSettings{enabled=true, invalidHostNameAllowed=false, context=null}, applicationName='null', compressorList=[], uuidRepresentation=JAVA_LEGACY, serverApi=null, autoEncryptionSettings=null, dnsClient=null, inetAddressResolver=null, contextProvider=null}
2024-02-15T13:06:29.608-06:00  INFO 25071 --- [hez.mongodb.net] org.mongodb.driver.cluster               : Adding discovered server ac-bwp35nn-shard-00-00.ky7lhez.mongodb.net:27017 to client view of cluster
2024-02-15T13:06:29.629-06:00  INFO 25071 --- [hez.mongodb.net] org.mongodb.driver.cluster               : Adding discovered server ac-bwp35nn-shard-00-01.ky7lhez.mongodb.net:27017 to client view of cluster
2024-02-15T13:06:29.634-06:00  INFO 25071 --- [hez.mongodb.net] org.mongodb.driver.cluster               : Adding discovered server ac-bwp35nn-shard-00-02.ky7lhez.mongodb.net:27017 to client view of cluster
2024-02-15T13:06:29.819-06:00  INFO 25071 --- [           main] c.e.c.ContactTodoMailApplicationTests    : Started ContactTodoMailApplicationTests in 1.205 seconds (process running for 1.71)
2024-02-15T13:06:30.261-06:00  INFO 25071 --- [ngodb.net:27017] org.mongodb.driver.cluster               : Monitor thread successfully connected to server with description ServerDescription{address=ac-bwp35nn-shard-00-01.ky7lhez.mongodb.net:27017, type=REPLICA_SET_PRIMARY, state=CONNECTED, ok=true, minWireVersion=0, maxWireVersion=17, maxDocumentSize=16777216, logicalSessionTimeoutMinutes=30, roundTripTimeNanos=267077917, setName='atlas-872p0a-shard-0', canonicalAddress=ac-bwp35nn-shard-00-01.ky7lhez.mongodb.net:27017, hosts=[ac-bwp35nn-shard-00-01.ky7lhez.mongodb.net:27017, ac-bwp35nn-shard-00-02.ky7lhez.mongodb.net:27017, ac-bwp35nn-shard-00-00.ky7lhez.mongodb.net:27017], passives=[], arbiters=[], primary='ac-bwp35nn-shard-00-01.ky7lhez.mongodb.net:27017', tagSet=TagSet{[Tag{name='availabilityZone', value='use1-az1'}, Tag{name='diskState', value='READY'}, Tag{name='nodeType', value='ELECTABLE'}, Tag{name='provider', value='AWS'}, Tag{name='region', value='US_EAST_1'}, Tag{name='workloadType', value='OPERATIONAL'}]}, electionId=7fffffff00000000000000f1, setVersion=12, topologyVersion=TopologyVersion{processId=65bbf1e5bf02e3126fe46f8a, counter=6}, lastWriteDate=Thu Feb 15 13:06:30 CST 2024, lastUpdateTimeNanos=19639641835791}
2024-02-15T13:06:30.262-06:00  INFO 25071 --- [ngodb.net:27017] org.mongodb.driver.cluster               : Monitor thread successfully connected to server with description ServerDescription{address=ac-bwp35nn-shard-00-00.ky7lhez.mongodb.net:27017, type=REPLICA_SET_SECONDARY, state=CONNECTED, ok=true, minWireVersion=0, maxWireVersion=17, maxDocumentSize=16777216, logicalSessionTimeoutMinutes=30, roundTripTimeNanos=299564000, setName='atlas-872p0a-shard-0', canonicalAddress=ac-bwp35nn-shard-00-00.ky7lhez.mongodb.net:27017, hosts=[ac-bwp35nn-shard-00-01.ky7lhez.mongodb.net:27017, ac-bwp35nn-shard-00-02.ky7lhez.mongodb.net:27017, ac-bwp35nn-shard-00-00.ky7lhez.mongodb.net:27017], passives=[], arbiters=[], primary='ac-bwp35nn-shard-00-01.ky7lhez.mongodb.net:27017', tagSet=TagSet{[Tag{name='availabilityZone', value='use1-az6'}, Tag{name='diskState', value='READY'}, Tag{name='nodeType', value='ELECTABLE'}, Tag{name='provider', value='AWS'}, Tag{name='region', value='US_EAST_1'}, Tag{name='workloadType', value='OPERATIONAL'}]}, electionId=null, setVersion=12, topologyVersion=TopologyVersion{processId=65bbf0d4da2d933aa7b88f04, counter=4}, lastWriteDate=Thu Feb 15 13:06:30 CST 2024, lastUpdateTimeNanos=19639642283375}
2024-02-15T13:06:30.262-06:00  INFO 25071 --- [ngodb.net:27017] org.mongodb.driver.cluster               : Monitor thread successfully connected to server with description ServerDescription{address=ac-bwp35nn-shard-00-02.ky7lhez.mongodb.net:27017, type=REPLICA_SET_SECONDARY, state=CONNECTED, ok=true, minWireVersion=0, maxWireVersion=17, maxDocumentSize=16777216, logicalSessionTimeoutMinutes=30, roundTripTimeNanos=299669167, setName='atlas-872p0a-shard-0', canonicalAddress=ac-bwp35nn-shard-00-02.ky7lhez.mongodb.net:27017, hosts=[ac-bwp35nn-shard-00-01.ky7lhez.mongodb.net:27017, ac-bwp35nn-shard-00-02.ky7lhez.mongodb.net:27017, ac-bwp35nn-shard-00-00.ky7lhez.mongodb.net:27017], passives=[], arbiters=[], primary='ac-bwp35nn-shard-00-01.ky7lhez.mongodb.net:27017', tagSet=TagSet{[Tag{name='availabilityZone', value='use1-az2'}, Tag{name='diskState', value='READY'}, Tag{name='nodeType', value='ELECTABLE'}, Tag{name='provider', value='AWS'}, Tag{name='region', value='US_EAST_1'}, Tag{name='workloadType', value='OPERATIONAL'}]}, electionId=null, setVersion=12, topologyVersion=TopologyVersion{processId=65bbf3645766a1ec51a0b1e6, counter=3}, lastWriteDate=Thu Feb 15 13:06:30 CST 2024, lastUpdateTimeNanos=19639642414833}
2024-02-15T13:06:30.263-06:00  INFO 25071 --- [ngodb.net:27017] org.mongodb.driver.cluster               : Discovered replica set primary ac-bwp35nn-shard-00-01.ky7lhez.mongodb.net:27017 with max election id 7fffffff00000000000000f1 and max set version 12
]]></system-out>
  </testcase>
</testsuite>